<?xml version="1.0" encoding="utf-8"?><testsuites name="pytest tests"><testsuite name="pytest" errors="0" failures="0" skipped="0" tests="10" time="5.816" timestamp="2026-05-29T20:55:14.131115+00:00" hostname="agent-env-4ef115be-3c48-4d35-878a-af7c135cc5c7"><testcase classname="backend.tests.test_nivel_api" name="test_session_init_returns_defaults" time="0.196" /><testcase classname="backend.tests.test_nivel_api" name="test_session_init_existing_id_idempotent" time="0.313" /><testcase classname="backend.tests.test_nivel_api" name="test_daily_get" time="0.134" /><testcase classname="backend.tests.test_nivel_api" name="test_daily_start" time="0.121" /><testcase classname="backend.tests.test_nivel_api" name="test_turn_text_returns_full_shape" time="3.209" /><testcase classname="backend.tests.test_nivel_api" name="test_translate" time="1.301" /><testcase classname="backend.tests.test_nivel_api" name="test_dashboard" time="0.128" /><testcase classname="backend.tests.test_nivel_api" name="test_dashboard_404_for_unknown" time="0.107" /><testcase classname="backend.tests.test_nivel_api" name="test_review" time="0.105" /><testcase classname="backend.tests.test_nivel_api" name="test_base44_inspect" time="0.124" /></testsuite></testsuites>