<?xml version="1.0" encoding="utf-8"?><testsuites name="pytest tests"><testsuite name="pytest" errors="0" failures="0" skipped="0" tests="10" time="7.759" timestamp="2026-05-29T21:16:41.866899+00:00" hostname="agent-env-4ef115be-3c48-4d35-878a-af7c135cc5c7"><testcase classname="backend.tests.test_nivel_api" name="test_session_init_returns_defaults" time="0.589" /><testcase classname="backend.tests.test_nivel_api" name="test_session_init_existing_id_idempotent" time="0.269" /><testcase classname="backend.tests.test_nivel_api" name="test_daily_get" time="0.149" /><testcase classname="backend.tests.test_nivel_api" name="test_daily_start" time="0.162" /><testcase classname="backend.tests.test_nivel_api" name="test_turn_text_returns_full_shape" time="5.044" /><testcase classname="backend.tests.test_nivel_api" name="test_translate" time="0.945" /><testcase classname="backend.tests.test_nivel_api" name="test_dashboard" time="0.107" /><testcase classname="backend.tests.test_nivel_api" name="test_dashboard_404_for_unknown" time="0.186" /><testcase classname="backend.tests.test_nivel_api" name="test_review" time="0.114" /><testcase classname="backend.tests.test_nivel_api" name="test_base44_inspect" time="0.112" /></testsuite></testsuites>